2023-04-16T07:13:04.919Z
SyntaxError: You have a syntax error at "database.dbml" line 2 column 27. Expected "note", "note:", "}", Table Group, comment, enum, references, table, valid name, or whitespace but "," found.
    at /home/thaonguyen/.nvm/versions/node/v18.14.0/lib/node_modules/@dbml/cli/lib/cli/utils.js:55:13
    at Array.forEach (<anonymous>)
    at generate (/home/thaonguyen/.nvm/versions/node/v18.14.0/lib/node_modules/@dbml/cli/lib/cli/utils.js:48:14)
    at exportHandler (/home/thaonguyen/.nvm/versions/node/v18.14.0/lib/node_modules/@dbml/cli/lib/cli/export.js:41:27)
    at Object.dbml2sql (/home/thaonguyen/.nvm/versions/node/v18.14.0/lib/node_modules/@dbml/cli/lib/cli/index.js:27:23)
    at Object.<anonymous> (/home/thaonguyen/.nvm/versions/node/v18.14.0/lib/node_modules/@dbml/cli/bin/dbml2sql.js:4:19)
    at Module._compile (node:internal/modules/cjs/loader:1226:14)
    at Module._extensions..js (node:internal/modules/cjs/loader:1280:10)
    at Module.load (node:internal/modules/cjs/loader:1089:32)
    at Module._load (node:internal/modules/cjs/loader:930:12)

ROOT_ERROR:
SyntaxError: Expected "note", "note:", "}", Table Group, comment, enum, references, table, valid name, or whitespace but "," found.
    at peg$buildStructuredError (/home/thaonguyen/.nvm/versions/node/v18.14.0/lib/node_modules/@dbml/cli/node_modules/@dbml/core/lib/parse/dbmlParser.js:1169:12)
    at Object.peg$parse [as parse] (/home/thaonguyen/.nvm/versions/node/v18.14.0/lib/node_modules/@dbml/cli/node_modules/@dbml/core/lib/parse/dbmlParser.js:8170:11)
    at Function.parseDBMLToJSON (/home/thaonguyen/.nvm/versions/node/v18.14.0/lib/node_modules/@dbml/cli/node_modules/@dbml/core/lib/parse/Parser.js:54:37)
    at Function.parse (/home/thaonguyen/.nvm/versions/node/v18.14.0/lib/node_modules/@dbml/cli/node_modules/@dbml/core/lib/parse/Parser.js:81:32)
    at Object._export [as export] (/home/thaonguyen/.nvm/versions/node/v18.14.0/lib/node_modules/@dbml/cli/node_modules/@dbml/core/lib/export/index.js:15:37)
    at /home/thaonguyen/.nvm/versions/node/v18.14.0/lib/node_modules/@dbml/cli/lib/cli/export.js:41:69
    at /home/thaonguyen/.nvm/versions/node/v18.14.0/lib/node_modules/@dbml/cli/lib/cli/utils.js:52:23
    at Array.forEach (<anonymous>)
    at generate (/home/thaonguyen/.nvm/versions/node/v18.14.0/lib/node_modules/@dbml/cli/lib/cli/utils.js:48:14)
    at exportHandler (/home/thaonguyen/.nvm/versions/node/v18.14.0/lib/node_modules/@dbml/cli/lib/cli/export.js:41:27)
{"start":{"offset":43,"line":2,"column":27},"end":{"offset":44,"line":2,"column":28}}

2023-04-16T07:13:21.840Z
SyntaxError: You have a syntax error at "database.dbml" line 35 column 16. Expected " ", "[", "as", "{", comment, or whitespace but "A" found.
    at /home/thaonguyen/.nvm/versions/node/v18.14.0/lib/node_modules/@dbml/cli/lib/cli/utils.js:55:13
    at Array.forEach (<anonymous>)
    at generate (/home/thaonguyen/.nvm/versions/node/v18.14.0/lib/node_modules/@dbml/cli/lib/cli/utils.js:48:14)
    at exportHandler (/home/thaonguyen/.nvm/versions/node/v18.14.0/lib/node_modules/@dbml/cli/lib/cli/export.js:41:27)
    at Object.dbml2sql (/home/thaonguyen/.nvm/versions/node/v18.14.0/lib/node_modules/@dbml/cli/lib/cli/index.js:27:23)
    at Object.<anonymous> (/home/thaonguyen/.nvm/versions/node/v18.14.0/lib/node_modules/@dbml/cli/bin/dbml2sql.js:4:19)
    at Module._compile (node:internal/modules/cjs/loader:1226:14)
    at Module._extensions..js (node:internal/modules/cjs/loader:1280:10)
    at Module.load (node:internal/modules/cjs/loader:1089:32)
    at Module._load (node:internal/modules/cjs/loader:930:12)

ROOT_ERROR:
SyntaxError: Expected " ", "[", "as", "{", comment, or whitespace but "A" found.
    at peg$buildStructuredError (/home/thaonguyen/.nvm/versions/node/v18.14.0/lib/node_modules/@dbml/cli/node_modules/@dbml/core/lib/parse/dbmlParser.js:1169:12)
    at Object.peg$parse [as parse] (/home/thaonguyen/.nvm/versions/node/v18.14.0/lib/node_modules/@dbml/cli/node_modules/@dbml/core/lib/parse/dbmlParser.js:8170:11)
    at Function.parseDBMLToJSON (/home/thaonguyen/.nvm/versions/node/v18.14.0/lib/node_modules/@dbml/cli/node_modules/@dbml/core/lib/parse/Parser.js:54:37)
    at Function.parse (/home/thaonguyen/.nvm/versions/node/v18.14.0/lib/node_modules/@dbml/cli/node_modules/@dbml/core/lib/parse/Parser.js:81:32)
    at Object._export [as export] (/home/thaonguyen/.nvm/versions/node/v18.14.0/lib/node_modules/@dbml/cli/node_modules/@dbml/core/lib/export/index.js:15:37)
    at /home/thaonguyen/.nvm/versions/node/v18.14.0/lib/node_modules/@dbml/cli/lib/cli/export.js:41:69
    at /home/thaonguyen/.nvm/versions/node/v18.14.0/lib/node_modules/@dbml/cli/lib/cli/utils.js:52:23
    at Array.forEach (<anonymous>)
    at generate (/home/thaonguyen/.nvm/versions/node/v18.14.0/lib/node_modules/@dbml/cli/lib/cli/utils.js:48:14)
    at exportHandler (/home/thaonguyen/.nvm/versions/node/v18.14.0/lib/node_modules/@dbml/cli/lib/cli/export.js:41:27)
{"start":{"offset":662,"line":35,"column":16},"end":{"offset":663,"line":35,"column":17}}

2023-04-19T06:24:43.549Z
SyntaxError: You have a syntax error at "database.dbml" line 146 column 19. Expected " ", comment, or newline but ":" found.
    at /home/thaonguyen/.nvm/versions/node/v18.14.0/lib/node_modules/@dbml/cli/lib/cli/utils.js:55:13
    at Array.forEach (<anonymous>)
    at generate (/home/thaonguyen/.nvm/versions/node/v18.14.0/lib/node_modules/@dbml/cli/lib/cli/utils.js:48:14)
    at exportHandler (/home/thaonguyen/.nvm/versions/node/v18.14.0/lib/node_modules/@dbml/cli/lib/cli/export.js:41:27)
    at Object.dbml2sql (/home/thaonguyen/.nvm/versions/node/v18.14.0/lib/node_modules/@dbml/cli/lib/cli/index.js:27:23)
    at Object.<anonymous> (/home/thaonguyen/.nvm/versions/node/v18.14.0/lib/node_modules/@dbml/cli/bin/dbml2sql.js:4:19)
    at Module._compile (node:internal/modules/cjs/loader:1226:14)
    at Module._extensions..js (node:internal/modules/cjs/loader:1280:10)
    at Module.load (node:internal/modules/cjs/loader:1089:32)
    at Module._load (node:internal/modules/cjs/loader:930:12)

ROOT_ERROR:
SyntaxError: Expected " ", comment, or newline but ":" found.
    at peg$buildStructuredError (/home/thaonguyen/.nvm/versions/node/v18.14.0/lib/node_modules/@dbml/cli/node_modules/@dbml/core/lib/parse/dbmlParser.js:1169:12)
    at Object.peg$parse [as parse] (/home/thaonguyen/.nvm/versions/node/v18.14.0/lib/node_modules/@dbml/cli/node_modules/@dbml/core/lib/parse/dbmlParser.js:8170:11)
    at Function.parseDBMLToJSON (/home/thaonguyen/.nvm/versions/node/v18.14.0/lib/node_modules/@dbml/cli/node_modules/@dbml/core/lib/parse/Parser.js:54:37)
    at Function.parse (/home/thaonguyen/.nvm/versions/node/v18.14.0/lib/node_modules/@dbml/cli/node_modules/@dbml/core/lib/parse/Parser.js:81:32)
    at Object._export [as export] (/home/thaonguyen/.nvm/versions/node/v18.14.0/lib/node_modules/@dbml/cli/node_modules/@dbml/core/lib/export/index.js:15:37)
    at /home/thaonguyen/.nvm/versions/node/v18.14.0/lib/node_modules/@dbml/cli/lib/cli/export.js:41:69
    at /home/thaonguyen/.nvm/versions/node/v18.14.0/lib/node_modules/@dbml/cli/lib/cli/utils.js:52:23
    at Array.forEach (<anonymous>)
    at generate (/home/thaonguyen/.nvm/versions/node/v18.14.0/lib/node_modules/@dbml/cli/lib/cli/utils.js:48:14)
    at exportHandler (/home/thaonguyen/.nvm/versions/node/v18.14.0/lib/node_modules/@dbml/cli/lib/cli/export.js:41:27)
{"start":{"offset":2779,"line":146,"column":19},"end":{"offset":2780,"line":146,"column":20}}

2023-04-19T06:24:58.977Z
SyntaxError: You have a syntax error at "database.dbml" line 164 column 20. Expected " ", comment, or newline but ":" found.
    at /home/thaonguyen/.nvm/versions/node/v18.14.0/lib/node_modules/@dbml/cli/lib/cli/utils.js:55:13
    at Array.forEach (<anonymous>)
    at generate (/home/thaonguyen/.nvm/versions/node/v18.14.0/lib/node_modules/@dbml/cli/lib/cli/utils.js:48:14)
    at exportHandler (/home/thaonguyen/.nvm/versions/node/v18.14.0/lib/node_modules/@dbml/cli/lib/cli/export.js:41:27)
    at Object.dbml2sql (/home/thaonguyen/.nvm/versions/node/v18.14.0/lib/node_modules/@dbml/cli/lib/cli/index.js:27:23)
    at Object.<anonymous> (/home/thaonguyen/.nvm/versions/node/v18.14.0/lib/node_modules/@dbml/cli/bin/dbml2sql.js:4:19)
    at Module._compile (node:internal/modules/cjs/loader:1226:14)
    at Module._extensions..js (node:internal/modules/cjs/loader:1280:10)
    at Module.load (node:internal/modules/cjs/loader:1089:32)
    at Module._load (node:internal/modules/cjs/loader:930:12)

ROOT_ERROR:
SyntaxError: Expected " ", comment, or newline but ":" found.
    at peg$buildStructuredError (/home/thaonguyen/.nvm/versions/node/v18.14.0/lib/node_modules/@dbml/cli/node_modules/@dbml/core/lib/parse/dbmlParser.js:1169:12)
    at Object.peg$parse [as parse] (/home/thaonguyen/.nvm/versions/node/v18.14.0/lib/node_modules/@dbml/cli/node_modules/@dbml/core/lib/parse/dbmlParser.js:8170:11)
    at Function.parseDBMLToJSON (/home/thaonguyen/.nvm/versions/node/v18.14.0/lib/node_modules/@dbml/cli/node_modules/@dbml/core/lib/parse/Parser.js:54:37)
    at Function.parse (/home/thaonguyen/.nvm/versions/node/v18.14.0/lib/node_modules/@dbml/cli/node_modules/@dbml/core/lib/parse/Parser.js:81:32)
    at Object._export [as export] (/home/thaonguyen/.nvm/versions/node/v18.14.0/lib/node_modules/@dbml/cli/node_modules/@dbml/core/lib/export/index.js:15:37)
    at /home/thaonguyen/.nvm/versions/node/v18.14.0/lib/node_modules/@dbml/cli/lib/cli/export.js:41:69
    at /home/thaonguyen/.nvm/versions/node/v18.14.0/lib/node_modules/@dbml/cli/lib/cli/utils.js:52:23
    at Array.forEach (<anonymous>)
    at generate (/home/thaonguyen/.nvm/versions/node/v18.14.0/lib/node_modules/@dbml/cli/lib/cli/utils.js:48:14)
    at exportHandler (/home/thaonguyen/.nvm/versions/node/v18.14.0/lib/node_modules/@dbml/cli/lib/cli/export.js:41:27)
{"start":{"offset":3117,"line":164,"column":20},"end":{"offset":3118,"line":164,"column":21}}

2023-04-19T06:25:29.340Z
SyntaxError: You have a syntax error at "database.dbml" line 173 column 8. Expected " ", "[", comment, or newline but "p" found.
    at /home/thaonguyen/.nvm/versions/node/v18.14.0/lib/node_modules/@dbml/cli/lib/cli/utils.js:55:13
    at Array.forEach (<anonymous>)
    at generate (/home/thaonguyen/.nvm/versions/node/v18.14.0/lib/node_modules/@dbml/cli/lib/cli/utils.js:48:14)
    at exportHandler (/home/thaonguyen/.nvm/versions/node/v18.14.0/lib/node_modules/@dbml/cli/lib/cli/export.js:41:27)
    at Object.dbml2sql (/home/thaonguyen/.nvm/versions/node/v18.14.0/lib/node_modules/@dbml/cli/lib/cli/index.js:27:23)
    at Object.<anonymous> (/home/thaonguyen/.nvm/versions/node/v18.14.0/lib/node_modules/@dbml/cli/bin/dbml2sql.js:4:19)
    at Module._compile (node:internal/modules/cjs/loader:1226:14)
    at Module._extensions..js (node:internal/modules/cjs/loader:1280:10)
    at Module.load (node:internal/modules/cjs/loader:1089:32)
    at Module._load (node:internal/modules/cjs/loader:930:12)

ROOT_ERROR:
SyntaxError: Expected " ", "[", comment, or newline but "p" found.
    at peg$buildStructuredError (/home/thaonguyen/.nvm/versions/node/v18.14.0/lib/node_modules/@dbml/cli/node_modules/@dbml/core/lib/parse/dbmlParser.js:1169:12)
    at Object.peg$parse [as parse] (/home/thaonguyen/.nvm/versions/node/v18.14.0/lib/node_modules/@dbml/cli/node_modules/@dbml/core/lib/parse/dbmlParser.js:8170:11)
    at Function.parseDBMLToJSON (/home/thaonguyen/.nvm/versions/node/v18.14.0/lib/node_modules/@dbml/cli/node_modules/@dbml/core/lib/parse/Parser.js:54:37)
    at Function.parse (/home/thaonguyen/.nvm/versions/node/v18.14.0/lib/node_modules/@dbml/cli/node_modules/@dbml/core/lib/parse/Parser.js:81:32)
    at Object._export [as export] (/home/thaonguyen/.nvm/versions/node/v18.14.0/lib/node_modules/@dbml/cli/node_modules/@dbml/core/lib/export/index.js:15:37)
    at /home/thaonguyen/.nvm/versions/node/v18.14.0/lib/node_modules/@dbml/cli/lib/cli/export.js:41:69
    at /home/thaonguyen/.nvm/versions/node/v18.14.0/lib/node_modules/@dbml/cli/lib/cli/utils.js:52:23
    at Array.forEach (<anonymous>)
    at generate (/home/thaonguyen/.nvm/versions/node/v18.14.0/lib/node_modules/@dbml/cli/lib/cli/utils.js:48:14)
    at exportHandler (/home/thaonguyen/.nvm/versions/node/v18.14.0/lib/node_modules/@dbml/cli/lib/cli/export.js:41:27)
{"start":{"offset":3296,"line":173,"column":8},"end":{"offset":3297,"line":173,"column":9}}

